<?xml version="1.0" encoding="UTF-8"?>
<testng-results ignored="0" total="2" passed="2" failed="0" skipped="0">
  <reporter-output>
  </reporter-output>
  <suite started-at="2022-03-13T13:07:24 IST" name="Suite" finished-at="2022-03-13T13:07:34 IST" duration-ms="10164">
    <groups>
    </groups>
    <test started-at="2022-03-13T13:07:24 IST" name="Pending Leave Request Test" finished-at="2022-03-13T13:07:30 IST" duration-ms="6383">
      <class name="testcases.TestCase_PendingLeaveRequest">
        <test-method signature="verifyPendingLeaveRequest()[pri:0, instance:testcases.TestCase_PendingLeaveRequest@3a44431a]" started-at="2022-03-13T13:07:24 IST" name="verifyPendingLeaveRequest" finished-at="2022-03-13T13:07:30 IST" duration-ms="6312" status="PASS">
          <reporter-output>
          </reporter-output>
        </test-method> <!-- verifyPendingLeaveRequest -->
      </class> <!-- testcases.TestCase_PendingLeaveRequest -->
    </test> <!-- Pending Leave Request Test -->
    <test started-at="2022-03-13T13:07:30 IST" name="Check User Role Test" finished-at="2022-03-13T13:07:34 IST" duration-ms="3749">
      <class name="testcases.Testcase_UserRole">
        <test-method is-config="true" signature="lauchBrowser()[pri:0, instance:testcases.Testcase_UserRole@273e7444]" started-at="2022-03-13T13:07:15 IST" name="lauchBrowser" finished-at="2022-03-13T13:07:24 IST" duration-ms="9256" status="PASS">
          <reporter-output>
          </reporter-output>
        </test-method> <!-- lauchBrowser -->
        <test-method signature="searchAndValidateUser()[pri:0, instance:testcases.Testcase_UserRole@273e7444]" started-at="2022-03-13T13:07:30 IST" name="searchAndValidateUser" finished-at="2022-03-13T13:07:34 IST" duration-ms="3749" status="PASS">
          <reporter-output>
          </reporter-output>
        </test-method> <!-- searchAndValidateUser -->
        <test-method is-config="true" signature="tearDown()[pri:0, instance:testcases.Testcase_UserRole@273e7444]" started-at="2022-03-13T13:07:34 IST" name="tearDown" finished-at="2022-03-13T13:07:35 IST" duration-ms="749" status="PASS">
          <reporter-output>
          </reporter-output>
        </test-method> <!-- tearDown -->
      </class> <!-- testcases.Testcase_UserRole -->
    </test> <!-- Check User Role Test -->
  </suite> <!-- Suite -->
</testng-results>
